<?xml version="1.0" encoding="utf-8" ?>
<testsuites>
  <testsuite name="Lib-tests" errors="0" failures="0" tests="10">
    <testcase name="junit::tests::test_failed_output"></testcase>
    <testcase name="results::tests::suite_started"></testcase>
    <testcase name="junit::tests::test_generate_xml_no_error_single_testsuite"></testcase>
    <testcase name="results::tests::suite_ended_ok"></testcase>
    <testcase name="junit::tests::test_simple_output"></testcase>
    <testcase name="results::tests::test_completed_bad"></testcase>
    <testcase name="results::tests::test_simple_output"></testcase>
    <testcase name="results::tests::suite_ended_bad"></testcase>
    <testcase name="results::tests::test_stared"></testcase>
    <testcase name="results::tests::test_completed_ok"></testcase></testsuite>
  <testsuite name="not_really_a_test" errors="0" failures="0" tests="1">
    <testcase name="test_add"></testcase></testsuite></testsuites>